<?xml version="1.0" encoding="UTF-8"?>
<testng-results skipped="0" failed="0" ignored="0" total="6" passed="6">
  <reporter-output>
  </reporter-output>
  <suite name="All smoke tests" duration-ms="46" started-at="2018-03-21T14:27:51Z" finished-at="2018-03-21T14:27:51Z">
    <groups>
    </groups>
    <test name="Smoke test cases" duration-ms="46" started-at="2018-03-21T14:27:51Z" finished-at="2018-03-21T14:27:51Z">
      <class name="testngFiles.Annotations">
        <test-method status="PASS" signature="DeleteCookies()[pri:0, instance:testngFiles2.Annotations@39aeed2f]" name="DeleteCookies" is-config="true" duration-ms="0" started-at="2018-03-21T14:27:51Z" finished-at="2018-03-21T14:27:51Z">
          <reporter-output>
          </reporter-output>
        </test-method> <!-- DeleteCookies -->
        <test-method status="PASS" signature="DeleteCookies()[pri:0, instance:testngFiles.Annotations@5c7fa833]" name="DeleteCookies" is-config="true" duration-ms="0" started-at="2018-03-21T14:27:51Z" finished-at="2018-03-21T14:27:51Z">
          <reporter-output>
          </reporter-output>
        </test-method> <!-- DeleteCookies -->
        <test-method status="PASS" signature="TestCase1()[pri:0, instance:testngFiles.Annotations@5c7fa833]" name="TestCase1" duration-ms="6" started-at="2018-03-21T14:27:51Z" finished-at="2018-03-21T14:27:51Z">
          <reporter-output>
          </reporter-output>
        </test-method> <!-- TestCase1 -->
        <test-method status="PASS" signature="UserIdGeneration()[pri:0, instance:testngFiles.Annotations@5c7fa833]" name="UserIdGeneration" is-config="true" duration-ms="0" started-at="2018-03-21T14:27:51Z" finished-at="2018-03-21T14:27:51Z">
          <reporter-output>
          </reporter-output>
        </test-method> <!-- UserIdGeneration -->
        <test-method status="PASS" signature="TestReporting()[pri:0, instance:testngFiles.Annotations@5c7fa833]" name="TestReporting" is-config="true" duration-ms="0" started-at="2018-03-21T14:27:51Z" finished-at="2018-03-21T14:27:51Z">
          <reporter-output>
          </reporter-output>
        </test-method> <!-- TestReporting -->
        <test-method status="PASS" signature="TestCase2()[pri:0, instance:testngFiles.Annotations@5c7fa833]" name="TestCase2" duration-ms="1" started-at="2018-03-21T14:27:51Z" finished-at="2018-03-21T14:27:51Z">
          <reporter-output>
          </reporter-output>
        </test-method> <!-- TestCase2 -->
        <test-method status="PASS" signature="UserIdGeneration()[pri:0, instance:testngFiles.Annotations@5c7fa833]" name="UserIdGeneration" is-config="true" duration-ms="0" started-at="2018-03-21T14:27:51Z" finished-at="2018-03-21T14:27:51Z">
          <reporter-output>
          </reporter-output>
        </test-method> <!-- UserIdGeneration -->
        <test-method status="PASS" signature="TestReporting()[pri:0, instance:testngFiles.Annotations@5c7fa833]" name="TestReporting" is-config="true" duration-ms="0" started-at="2018-03-21T14:27:51Z" finished-at="2018-03-21T14:27:51Z">
          <reporter-output>
          </reporter-output>
        </test-method> <!-- TestReporting -->
        <test-method status="PASS" signature="UserIdGeneration()[pri:0, instance:testngFiles.Annotations@5c7fa833]" name="UserIdGeneration" is-config="true" duration-ms="0" started-at="2018-03-21T14:27:51Z" finished-at="2018-03-21T14:27:51Z">
          <reporter-output>
          </reporter-output>
        </test-method> <!-- UserIdGeneration -->
        <test-method status="PASS" signature="TestCase3()[pri:0, instance:testngFiles.Annotations@5c7fa833]" name="TestCase3" duration-ms="1" started-at="2018-03-21T14:27:51Z" finished-at="2018-03-21T14:27:51Z">
          <reporter-output>
          </reporter-output>
        </test-method> <!-- TestCase3 -->
        <test-method status="PASS" signature="TestReporting()[pri:0, instance:testngFiles.Annotations@5c7fa833]" name="TestReporting" is-config="true" duration-ms="1" started-at="2018-03-21T14:27:51Z" finished-at="2018-03-21T14:27:51Z">
          <reporter-output>
          </reporter-output>
        </test-method> <!-- TestReporting -->
        <test-method status="PASS" signature="DeleteCookiesClose()[pri:0, instance:testngFiles.Annotations@5c7fa833]" name="DeleteCookiesClose" is-config="true" duration-ms="0" started-at="2018-03-21T14:27:51Z" finished-at="2018-03-21T14:27:51Z">
          <reporter-output>
          </reporter-output>
        </test-method> <!-- DeleteCookiesClose -->
        <test-method status="PASS" signature="DeleteCookiesClose()[pri:0, instance:testngFiles2.Annotations@39aeed2f]" name="DeleteCookiesClose" is-config="true" duration-ms="1" started-at="2018-03-21T14:27:51Z" finished-at="2018-03-21T14:27:51Z">
          <reporter-output>
          </reporter-output>
        </test-method> <!-- DeleteCookiesClose -->
      </class> <!-- testngFiles.Annotations -->
      <class name="testngFiles.Annotations2">
        <test-method status="PASS" signature="installsoftware()[pri:0, instance:testngFiles.Annotations2@4cc0edeb]" name="installsoftware" is-config="true" duration-ms="9" started-at="2018-03-21T14:27:51Z" finished-at="2018-03-21T14:27:51Z">
          <reporter-output>
          </reporter-output>
        </test-method> <!-- installsoftware -->
        <test-method status="PASS" signature="installsoftware()[pri:0, instance:testngFiles2.Annotations2@457e2f02]" name="installsoftware" is-config="true" duration-ms="0" started-at="2018-03-21T14:27:51Z" finished-at="2018-03-21T14:27:51Z">
          <reporter-output>
          </reporter-output>
        </test-method> <!-- installsoftware -->
        <test-method status="PASS" signature="uninstallsoftware()[pri:0, instance:testngFiles.Annotations2@4cc0edeb]" name="uninstallsoftware" is-config="true" duration-ms="1" started-at="2018-03-21T14:27:51Z" finished-at="2018-03-21T14:27:51Z">
          <reporter-output>
          </reporter-output>
        </test-method> <!-- uninstallsoftware -->
        <test-method status="PASS" signature="uninstallsoftware()[pri:0, instance:testngFiles2.Annotations2@457e2f02]" name="uninstallsoftware" is-config="true" duration-ms="0" started-at="2018-03-21T14:27:51Z" finished-at="2018-03-21T14:27:51Z">
          <reporter-output>
          </reporter-output>
        </test-method> <!-- uninstallsoftware -->
      </class> <!-- testngFiles.Annotations2 -->
      <class name="testngFiles2.Annotations">
        <test-method status="PASS" signature="TestCase1()[pri:0, instance:testngFiles2.Annotations@39aeed2f]" name="TestCase1" duration-ms="2" started-at="2018-03-21T14:27:51Z" finished-at="2018-03-21T14:27:51Z">
          <reporter-output>
          </reporter-output>
        </test-method> <!-- TestCase1 -->
        <test-method status="PASS" signature="UserIdGeneration()[pri:0, instance:testngFiles2.Annotations@39aeed2f]" name="UserIdGeneration" is-config="true" duration-ms="0" started-at="2018-03-21T14:27:51Z" finished-at="2018-03-21T14:27:51Z">
          <reporter-output>
          </reporter-output>
        </test-method> <!-- UserIdGeneration -->
        <test-method status="PASS" signature="UserIdGeneration()[pri:0, instance:testngFiles2.Annotations@39aeed2f]" name="UserIdGeneration" is-config="true" duration-ms="1" started-at="2018-03-21T14:27:51Z" finished-at="2018-03-21T14:27:51Z">
          <reporter-output>
          </reporter-output>
        </test-method> <!-- UserIdGeneration -->
        <test-method status="PASS" signature="TestReporting()[pri:0, instance:testngFiles2.Annotations@39aeed2f]" name="TestReporting" is-config="true" duration-ms="0" started-at="2018-03-21T14:27:51Z" finished-at="2018-03-21T14:27:51Z">
          <reporter-output>
          </reporter-output>
        </test-method> <!-- TestReporting -->
        <test-method status="PASS" signature="TestCase2()[pri:0, instance:testngFiles2.Annotations@39aeed2f]" name="TestCase2" duration-ms="1" started-at="2018-03-21T14:27:51Z" finished-at="2018-03-21T14:27:51Z">
          <reporter-output>
          </reporter-output>
        </test-method> <!-- TestCase2 -->
        <test-method status="PASS" signature="TestReporting()[pri:0, instance:testngFiles2.Annotations@39aeed2f]" name="TestReporting" is-config="true" duration-ms="0" started-at="2018-03-21T14:27:51Z" finished-at="2018-03-21T14:27:51Z">
          <reporter-output>
          </reporter-output>
        </test-method> <!-- TestReporting -->
        <test-method status="PASS" signature="UserIdGeneration()[pri:0, instance:testngFiles2.Annotations@39aeed2f]" name="UserIdGeneration" is-config="true" duration-ms="0" started-at="2018-03-21T14:27:51Z" finished-at="2018-03-21T14:27:51Z">
          <reporter-output>
          </reporter-output>
        </test-method> <!-- UserIdGeneration -->
        <test-method status="PASS" signature="TestCase3()[pri:0, instance:testngFiles2.Annotations@39aeed2f]" name="TestCase3" duration-ms="1" started-at="2018-03-21T14:27:51Z" finished-at="2018-03-21T14:27:51Z">
          <reporter-output>
          </reporter-output>
        </test-method> <!-- TestCase3 -->
        <test-method status="PASS" signature="TestReporting()[pri:0, instance:testngFiles2.Annotations@39aeed2f]" name="TestReporting" is-config="true" duration-ms="1" started-at="2018-03-21T14:27:51Z" finished-at="2018-03-21T14:27:51Z">
          <reporter-output>
          </reporter-output>
        </test-method> <!-- TestReporting -->
      </class> <!-- testngFiles2.Annotations -->
    </test> <!-- Smoke test cases -->
  </suite> <!-- All smoke tests -->
</testng-results>
