<?xml version="1.0" encoding="UTF-8"?>
<!-- Generated by org.testng.reporters.JUnitXMLReporter -->
<testsuite hostname="Vincents-MBP.fios-router.home" ignored="0" name="Default test" tests="3" failures="0" timestamp="20 Mar 2018 14:54:43 GMT" time="0.031" errors="0">
  <testcase name="TestCase1" time="0.006" classname="testngFiles.Annotations"/>
  <testcase name="TestCase2" time="0.001" classname="testngFiles.Annotations"/>
  <testcase name="TestCase3" time="0.001" classname="testngFiles.Annotations"/>
</testsuite> <!-- Default test -->
