<?xml version="1.0" encoding="UTF-8"?>
<testng-results skipped="0" failed="0" ignored="0" total="3" passed="3">
  <reporter-output>
  </reporter-output>
  <suite name="Default suite" duration-ms="31" started-at="2018-03-20T14:54:43Z" finished-at="2018-03-20T14:54:43Z">
    <groups>
    </groups>
    <test name="Default test" duration-ms="31" started-at="2018-03-20T14:54:43Z" finished-at="2018-03-20T14:54:43Z">
      <class name="testngFiles.Annotations">
        <test-method status="PASS" signature="DeleteCookies()[pri:0, instance:testngFiles.Annotations@7c16905e]" name="DeleteCookies" is-config="true" duration-ms="0" started-at="2018-03-20T14:54:43Z" finished-at="2018-03-20T14:54:43Z">
          <reporter-output>
          </reporter-output>
        </test-method> <!-- DeleteCookies -->
        <test-method status="PASS" signature="TestCase1()[pri:0, instance:testngFiles.Annotations@7c16905e]" name="TestCase1" duration-ms="6" started-at="2018-03-20T14:54:43Z" finished-at="2018-03-20T14:54:43Z">
          <reporter-output>
          </reporter-output>
        </test-method> <!-- TestCase1 -->
        <test-method status="PASS" signature="UserIdGeneration()[pri:0, instance:testngFiles.Annotations@7c16905e]" name="UserIdGeneration" is-config="true" duration-ms="0" started-at="2018-03-20T14:54:43Z" finished-at="2018-03-20T14:54:43Z">
          <reporter-output>
          </reporter-output>
        </test-method> <!-- UserIdGeneration -->
        <test-method status="PASS" signature="UserIdGeneration()[pri:0, instance:testngFiles.Annotations@7c16905e]" name="UserIdGeneration" is-config="true" duration-ms="1" started-at="2018-03-20T14:54:43Z" finished-at="2018-03-20T14:54:43Z">
          <reporter-output>
          </reporter-output>
        </test-method> <!-- UserIdGeneration -->
        <test-method status="PASS" signature="TestReporting()[pri:0, instance:testngFiles.Annotations@7c16905e]" name="TestReporting" is-config="true" duration-ms="0" started-at="2018-03-20T14:54:43Z" finished-at="2018-03-20T14:54:43Z">
          <reporter-output>
          </reporter-output>
        </test-method> <!-- TestReporting -->
        <test-method status="PASS" signature="TestCase2()[pri:0, instance:testngFiles.Annotations@7c16905e]" name="TestCase2" duration-ms="1" started-at="2018-03-20T14:54:43Z" finished-at="2018-03-20T14:54:43Z">
          <reporter-output>
          </reporter-output>
        </test-method> <!-- TestCase2 -->
        <test-method status="PASS" signature="TestReporting()[pri:0, instance:testngFiles.Annotations@7c16905e]" name="TestReporting" is-config="true" duration-ms="0" started-at="2018-03-20T14:54:43Z" finished-at="2018-03-20T14:54:43Z">
          <reporter-output>
          </reporter-output>
        </test-method> <!-- TestReporting -->
        <test-method status="PASS" signature="TestCase3()[pri:0, instance:testngFiles.Annotations@7c16905e]" name="TestCase3" duration-ms="1" started-at="2018-03-20T14:54:43Z" finished-at="2018-03-20T14:54:43Z">
          <reporter-output>
          </reporter-output>
        </test-method> <!-- TestCase3 -->
        <test-method status="PASS" signature="UserIdGeneration()[pri:0, instance:testngFiles.Annotations@7c16905e]" name="UserIdGeneration" is-config="true" duration-ms="0" started-at="2018-03-20T14:54:43Z" finished-at="2018-03-20T14:54:43Z">
          <reporter-output>
          </reporter-output>
        </test-method> <!-- UserIdGeneration -->
        <test-method status="PASS" signature="TestReporting()[pri:0, instance:testngFiles.Annotations@7c16905e]" name="TestReporting" is-config="true" duration-ms="0" started-at="2018-03-20T14:54:43Z" finished-at="2018-03-20T14:54:43Z">
          <reporter-output>
          </reporter-output>
        </test-method> <!-- TestReporting -->
        <test-method status="PASS" signature="DeleteCookiesClose()[pri:0, instance:testngFiles.Annotations@7c16905e]" name="DeleteCookiesClose" is-config="true" duration-ms="0" started-at="2018-03-20T14:54:43Z" finished-at="2018-03-20T14:54:43Z">
          <reporter-output>
          </reporter-output>
        </test-method> <!-- DeleteCookiesClose -->
      </class> <!-- testngFiles.Annotations -->
      <class name="testngFiles.Annotations2">
        <test-method status="PASS" signature="installsoftware()[pri:0, instance:testngFiles.Annotations2@1753acfe]" name="installsoftware" is-config="true" duration-ms="8" started-at="2018-03-20T14:54:43Z" finished-at="2018-03-20T14:54:43Z">
          <reporter-output>
          </reporter-output>
        </test-method> <!-- installsoftware -->
        <test-method status="PASS" signature="uninstallsoftware()[pri:0, instance:testngFiles.Annotations2@1753acfe]" name="uninstallsoftware" is-config="true" duration-ms="0" started-at="2018-03-20T14:54:43Z" finished-at="2018-03-20T14:54:43Z">
          <reporter-output>
          </reporter-output>
        </test-method> <!-- uninstallsoftware -->
      </class> <!-- testngFiles.Annotations2 -->
    </test> <!-- Default test -->
  </suite> <!-- Default suite -->
</testng-results>
