<?xml version="1.0" encoding="UTF-8"?>
<testng-results skipped="0" failed="0" ignored="0" total="3" passed="3">
  <reporter-output>
  </reporter-output>
  <suite name="All smoke tests" duration-ms="33" started-at="2018-03-20T17:13:13Z" finished-at="2018-03-20T17:13:13Z">
    <groups>
    </groups>
    <test name="Smoke test cases" duration-ms="33" started-at="2018-03-20T17:13:13Z" finished-at="2018-03-20T17:13:13Z">
      <class name="testngFiles.Annotations">
        <test-method status="PASS" signature="DeleteCookies()[pri:0, instance:testngFiles.Annotations@2a2d45ba]" name="DeleteCookies" is-config="true" duration-ms="0" started-at="2018-03-20T17:13:13Z" finished-at="2018-03-20T17:13:13Z">
          <reporter-output>
          </reporter-output>
        </test-method> <!-- DeleteCookies -->
        <test-method status="PASS" signature="UserIdGeneration()[pri:0, instance:testngFiles.Annotations@2a2d45ba]" name="UserIdGeneration" is-config="true" duration-ms="1" started-at="2018-03-20T17:13:13Z" finished-at="2018-03-20T17:13:13Z">
          <reporter-output>
          </reporter-output>
        </test-method> <!-- UserIdGeneration -->
        <test-method status="PASS" signature="TestCase1()[pri:0, instance:testngFiles.Annotations@2a2d45ba]" name="TestCase1" duration-ms="5" started-at="2018-03-20T17:13:13Z" finished-at="2018-03-20T17:13:13Z">
          <reporter-output>
          </reporter-output>
        </test-method> <!-- TestCase1 -->
        <test-method status="PASS" signature="TestReporting()[pri:0, instance:testngFiles.Annotations@2a2d45ba]" name="TestReporting" is-config="true" duration-ms="0" started-at="2018-03-20T17:13:13Z" finished-at="2018-03-20T17:13:13Z">
          <reporter-output>
          </reporter-output>
        </test-method> <!-- TestReporting -->
        <test-method status="PASS" signature="TestCase2()[pri:0, instance:testngFiles.Annotations@2a2d45ba]" name="TestCase2" duration-ms="1" started-at="2018-03-20T17:13:13Z" finished-at="2018-03-20T17:13:13Z">
          <reporter-output>
          </reporter-output>
        </test-method> <!-- TestCase2 -->
        <test-method status="PASS" signature="UserIdGeneration()[pri:0, instance:testngFiles.Annotations@2a2d45ba]" name="UserIdGeneration" is-config="true" duration-ms="0" started-at="2018-03-20T17:13:13Z" finished-at="2018-03-20T17:13:13Z">
          <reporter-output>
          </reporter-output>
        </test-method> <!-- UserIdGeneration -->
        <test-method status="PASS" signature="TestReporting()[pri:0, instance:testngFiles.Annotations@2a2d45ba]" name="TestReporting" is-config="true" duration-ms="0" started-at="2018-03-20T17:13:13Z" finished-at="2018-03-20T17:13:13Z">
          <reporter-output>
          </reporter-output>
        </test-method> <!-- TestReporting -->
        <test-method status="PASS" signature="UserIdGeneration()[pri:0, instance:testngFiles.Annotations@2a2d45ba]" name="UserIdGeneration" is-config="true" duration-ms="1" started-at="2018-03-20T17:13:13Z" finished-at="2018-03-20T17:13:13Z">
          <reporter-output>
          </reporter-output>
        </test-method> <!-- UserIdGeneration -->
        <test-method status="PASS" signature="TestCase3()[pri:0, instance:testngFiles.Annotations@2a2d45ba]" name="TestCase3" duration-ms="1" started-at="2018-03-20T17:13:13Z" finished-at="2018-03-20T17:13:13Z">
          <reporter-output>
          </reporter-output>
        </test-method> <!-- TestCase3 -->
        <test-method status="PASS" signature="TestReporting()[pri:0, instance:testngFiles.Annotations@2a2d45ba]" name="TestReporting" is-config="true" duration-ms="0" started-at="2018-03-20T17:13:13Z" finished-at="2018-03-20T17:13:13Z">
          <reporter-output>
          </reporter-output>
        </test-method> <!-- TestReporting -->
        <test-method status="PASS" signature="DeleteCookiesClose()[pri:0, instance:testngFiles.Annotations@2a2d45ba]" name="DeleteCookiesClose" is-config="true" duration-ms="1" started-at="2018-03-20T17:13:13Z" finished-at="2018-03-20T17:13:13Z">
          <reporter-output>
          </reporter-output>
        </test-method> <!-- DeleteCookiesClose -->
      </class> <!-- testngFiles.Annotations -->
      <class name="testngFiles.Annotations2">
        <test-method status="PASS" signature="installsoftware()[pri:0, instance:testngFiles.Annotations2@7c16905e]" name="installsoftware" is-config="true" duration-ms="11" started-at="2018-03-20T17:13:13Z" finished-at="2018-03-20T17:13:13Z">
          <reporter-output>
          </reporter-output>
        </test-method> <!-- installsoftware -->
        <test-method status="PASS" signature="uninstallsoftware()[pri:0, instance:testngFiles.Annotations2@7c16905e]" name="uninstallsoftware" is-config="true" duration-ms="0" started-at="2018-03-20T17:13:13Z" finished-at="2018-03-20T17:13:13Z">
          <reporter-output>
          </reporter-output>
        </test-method> <!-- uninstallsoftware -->
      </class> <!-- testngFiles.Annotations2 -->
    </test> <!-- Smoke test cases -->
  </suite> <!-- All smoke tests -->
</testng-results>
