<?xml version="1.0" encoding="UTF-8"?>
<!-- Generated by org.testng.reporters.JUnitXMLReporter -->
<testsuite hostname="Vincents-MBP.fios-router.home" ignored="0" name="Smoke test cases" tests="6" failures="0" timestamp="21 Mar 2018 14:27:51 GMT" time="0.046" errors="0">
  <testcase name="TestCase1" time="0.006" classname="testngFiles.Annotations"/>
  <testcase name="TestCase2" time="0.001" classname="testngFiles.Annotations"/>
  <testcase name="TestCase3" time="0.001" classname="testngFiles.Annotations"/>
  <testcase name="TestCase1" time="0.002" classname="testngFiles2.Annotations"/>
  <testcase name="TestCase2" time="0.001" classname="testngFiles2.Annotations"/>
  <testcase name="TestCase3" time="0.001" classname="testngFiles2.Annotations"/>
</testsuite> <!-- Smoke test cases -->
